output\2024-09-15_161649\DESKTOP-S7RIDPD_firefox_history.csv,f8c8a8a7f4b093cdbcd992a81816cbde11a5c81d30ff51e5d198c5f17cc368d9
output\2024-09-15_161649\DESKTOP-S7RIDPD_startup_files.csv,eda2d6375761f629ba7ee12c09d5e6889382b74318a7fdccbd38631f336f206a
output\2024-09-15_161649\DESKTOP-S7RIDPD_named_pipes.csv,accbdb1585a2537a4e704e000375656d489a037d546c963f630d7d000a3c3938
output\2024-09-15_161649\DESKTOP-S7RIDPD_prefetch.csv,2122ebd100fcf10ecc16dc689fb20b723e21c1b5c7dedb887a4cf1fa78e6ce6b
output\2024-09-15_161649\DESKTOP-S7RIDPD_recycle_bin.csv,609cad9afc1e56fe15020bd9e26c1e3990ff70738c5d40c44865ea26dca682af
output\2024-09-15_161649\DESKTOP-S7RIDPD_hash_processes.csv,b650385c6611c9fc172a6326eb000e454188c748c9a27fa390751201c901526c
output\2024-09-15_161649\DESKTOP-S7RIDPD_arp_table.csv,3e903225b2733bfe3abe2a115608f3623bb822ca095a9163baf766e5cdf300fe
output\2024-09-15_161649\DESKTOP-S7RIDPD_list_drives.csv,de720aed21ce98d9a661644415465693305741625b5368e7e7103ad5da7dfeb5
output\2024-09-15_161649\DESKTOP-S7RIDPD_kb.csv,7bfe8853ec34bed4324ec6c04effea82531fcf3fce07a91fa5b6ab98ff1d25a9
output\2024-09-15_161649\DESKTOP-S7RIDPD_networks_cards.csv,3d34e13cc5d779573e9e5c158c30045daba755975427106aa103c29ea7393aac
output\2024-09-15_161649\DESKTOP-S7RIDPD_list_networks_drives.csv,67fa091a3b0f9bfc304565ebbb0c10fb49970552c8058da2c733f2a2b9f1bfcd
output\2024-09-15_161649\DESKTOP-S7RIDPD_routes_tables.csv,ee67e7d56a0dd9f942b6f3914a51df0b11bfd1d8897937f66140a6e94c304874
output\2024-09-15_161649\DESKTOP-S7RIDPD_processes.csv,3b431914cd04904b18c9d180101442b1da3455a818144ea489c8d5a98ddd8c42
output\2024-09-15_161649\DESKTOP-S7RIDPD_scheduled_jobs.csv,5365bb14b17c8608e0c096e18c1f5c18c9afbcaac6ce9ecdef6a4e70ae51fc39
output\2024-09-15_161649\DESKTOP-S7RIDPD_services.csv,89dede257fb9a5d3c894459ab2d66da35e191fa09528df19ed207f05d6318f3b
output\2024-09-15_161649\DESKTOP-S7RIDPD_sessions.csv,bad08c495cbc5dfcd577d0ade3392325ad690e5565bc6f2961863a5a2085f768
output\2024-09-15_161649\DESKTOP-S7RIDPD_shares.csv,5ada4f9eb7ffe4ae92f8f2b00bc9d8abb94a01e52f6884f875437dfa18cafa57
output\2024-09-15_161649\DESKTOP-S7RIDPD_sockets.csv,86d7628304be9cad09fa4e8bb0bc69094d0a7ad7d9f9e562e9f4664ca8a9e723
output\2024-09-15_161649\DESKTOP-S7RIDPD_processes_dll.csv,68928b3c5ec186085db09c3b8b210e1ec06d9c564e72086e673f7557dee33657
output\2024-09-15_161649\DESKTOP-S7RIDPD_processes_opened_files.csv,9419fd082f01a1e15d82216b9274857e64eff3c36d4226a21ee441b62865ea7f
output\2024-09-15_161649\DESKTOP-S7RIDPD_clipboard.csv,46c0ec8f38bc8029cd3ea4dbf369c5d4183af1bd431b929d7b0a5d52f552fd84
output\2024-09-15_161649\DESKTOP-S7RIDPD_custom_registry_keys.csv,e3b0c44298fc1c149afbf4c8996fb92427ae41e4649b934ca495991b7852b855
output\2024-09-15_161649\DESKTOP-S7RIDPD_installed_components.csv,8334197c66f1a4b0b0430dcc647c726a315d8944ae619550ed63c8659931c8d2
output\2024-09-15_161649\DESKTOP-S7RIDPD_installer_folder.csv,da7bc0196db0a37ffc434c5a1a8dc8c9ab25e5322726e570225fa1866b4c199a
output\2024-09-15_161649\DESKTOP-S7RIDPD_network_list.csv,d046049207b42b5050b2b8419ffd10967edc46c59b878b92e3f10c0ef53c5b3f
output\2024-09-15_161649\DESKTOP-S7RIDPD_recent_docs.csv,104058b01f54a183d4d49dc72b74d10cc5e63dc98486f5dc0e830ee06084e917
output\2024-09-15_161649\DESKTOP-S7RIDPD_registry_services.csv,9bcf46f8ae2d0c6b14fb3fbaa3e3ad2e53133e5e37287cda632c7da80294d72b
output\2024-09-15_161649\DESKTOP-S7RIDPD_run_MRU_start.csv,e3b0c44298fc1c149afbf4c8996fb92427ae41e4649b934ca495991b7852b855
output\2024-09-15_161649\DESKTOP-S7RIDPD_shellbags.csv,e3b0c44298fc1c149afbf4c8996fb92427ae41e4649b934ca495991b7852b855
output\2024-09-15_161649\DESKTOP-S7RIDPD_startup.csv,12c53dd0f94defb885adc6a3d6cd60bcc52cf35cebb1b78fe29b865ab9c8a42d
output\2024-09-15_161649\DESKTOP-S7RIDPD_USBHistory.csv,e3b0c44298fc1c149afbf4c8996fb92427ae41e4649b934ca495991b7852b855
output\2024-09-15_161649\DESKTOP-S7RIDPD_user_assist.csv,c2dbd56a1ff22addb813e1af258bde5bbc68d04a46068df04a3f537ccf958d67
output\2024-09-15_161649\DESKTOP-S7RIDPD_windows_values.csv,ab26a7c39cc6d4ada93d6cd91ea1ea3e109adc979d1bc423c4e23405a6388468
output\2024-09-15_161649\DESKTOP-S7RIDPD_winlogon_values.csv,5e001a2e4bbb9a065f60b39bb0e7c45fc2734a763ca03059ae24e573c765a024
